<?xml version="1.0" encoding="UTF-8"?>
<!-- Generated by org.testng.reporters.JUnitXMLReporter -->
<testsuite ignored="8" hostname="Vaishanavi" failures="0" tests="3" name="Surefire test" time="130.94" errors="0" timestamp="2024-05-28T16:30:05 IST">
  <testcase classname="com.ShoppersStack.GenericUtility.Base_test" name="@AfterMethod afterMethod" time="1.105">
    <failure type="org.openqa.selenium.ElementClickInterceptedException" message="element click intercepted: Element &amp;lt;span class=&amp;quot;BaseBadge-badge MuiBadge-badge MuiBadge-standard MuiBadge-anchorOriginBottomRight MuiBadge-anchorOriginBottomRightCircular MuiBadge-overlapCircular css-1mupj9l&amp;quot;&amp;gt;...&amp;lt;/span&amp;gt; is not clickable at point (1461, 46). Other element would receive the click: &amp;lt;div&amp;gt;...&amp;lt;/div&amp;gt;
  (Session info: chrome=125.0.6422.77)
Build info: version: &amp;apos;4.21.0&amp;apos;, revision: &amp;apos;79ed462ef4&amp;apos;
System info: os.name: &amp;apos;Windows 11&amp;apos;, os.arch: &amp;apos;amd64&amp;apos;, os.version: &amp;apos;10.0&amp;apos;, java.version: &amp;apos;17.0.10&amp;apos;
Driver info: org.openqa.selenium.chrome.ChromeDriver
Command: [04b6783e506930bddfa139ac793fe423, clickElement {id=f.3B78DF79C4732315C3214D0DBA67C5FA.d.38CCA4ACBAE11406EFAB1FA6EA8F0386.e.65}]
Capabilities {acceptInsecureCerts: false, browserName: chrome, browserVersion: 125.0.6422.77, chrome: {chromedriverVersion: 125.0.6422.78 (14db42ec38ad..., userDataDir: C:\Users\vaish\AppData\Loca...}, fedcm:accounts: true, goog:chromeOptions: {debuggerAddress: localhost:62428}, networkConnectionEnabled: false, pageLoadStrategy: normal, platformName: windows, proxy: Proxy(), se:cdp: ws://localhost:62428/devtoo..., se:cdpVersion: 125.0.6422.77, setWindowRect: true, strictFileInteractability: false, timeouts: {implicit: 0, pageLoad: 300000, script: 30000}, unhandledPromptBehavior: dismiss and notify, webauthn:extension:credBlob: true, webauthn:extension:largeBlob: true, webauthn:extension:minPinLength: true, webauthn:extension:prf: true, webauthn:virtualAuthenticators: true}
Element: [[ChromeDriver: chrome on windows (04b6783e506930bddfa139ac793fe423)] -&amp;gt; xpath: //span[contains(@class,&amp;apos;BaseBadge-badge&amp;apos;)]]
Session ID: 04b6783e506930bddfa139ac793fe423">
      <![CDATA[org.openqa.selenium.ElementClickInterceptedException: element click intercepted: Element <span class="BaseBadge-badge MuiBadge-badge MuiBadge-standard MuiBadge-anchorOriginBottomRight MuiBadge-anchorOriginBottomRightCircular MuiBadge-overlapCircular css-1mupj9l">...</span> is not clickable at point (1461, 46). Other element would receive the click: <div>...</div>
  (Session info: chrome=125.0.6422.77)
Build info: version: '4.21.0', revision: '79ed462ef4'
System info: os.name: 'Windows 11', os.arch: 'amd64', os.version: '10.0', java.version: '17.0.10'
Driver info: org.openqa.selenium.chrome.ChromeDriver
Command: [04b6783e506930bddfa139ac793fe423, clickElement {id=f.3B78DF79C4732315C3214D0DBA67C5FA.d.38CCA4ACBAE11406EFAB1FA6EA8F0386.e.65}]
Capabilities {acceptInsecureCerts: false, browserName: chrome, browserVersion: 125.0.6422.77, chrome: {chromedriverVersion: 125.0.6422.78 (14db42ec38ad..., userDataDir: C:\Users\vaish\AppData\Loca...}, fedcm:accounts: true, goog:chromeOptions: {debuggerAddress: localhost:62428}, networkConnectionEnabled: false, pageLoadStrategy: normal, platformName: windows, proxy: Proxy(), se:cdp: ws://localhost:62428/devtoo..., se:cdpVersion: 125.0.6422.77, setWindowRect: true, strictFileInteractability: false, timeouts: {implicit: 0, pageLoad: 300000, script: 30000}, unhandledPromptBehavior: dismiss and notify, webauthn:extension:credBlob: true, webauthn:extension:largeBlob: true, webauthn:extension:minPinLength: true, webauthn:extension:prf: true, webauthn:virtualAuthenticators: true}
Element: [[ChromeDriver: chrome on windows (04b6783e506930bddfa139ac793fe423)] -> xpath: //span[contains(@class,'BaseBadge-badge')]]
Session ID: 04b6783e506930bddfa139ac793fe423
at org.openqa.selenium.remote.ErrorCodec.decode(ErrorCodec.java:167)
at org.openqa.selenium.remote.codec.w3c.W3CHttpResponseCodec.decode(W3CHttpResponseCodec.java:138)
at org.openqa.selenium.remote.codec.w3c.W3CHttpResponseCodec.decode(W3CHttpResponseCodec.java:50)
at org.openqa.selenium.remote.HttpCommandExecutor.execute(HttpCommandExecutor.java:190)
at org.openqa.selenium.remote.service.DriverCommandExecutor.invokeExecute(DriverCommandExecutor.java:216)
at org.openqa.selenium.remote.service.DriverCommandExecutor.execute(DriverCommandExecutor.java:174)
at org.openqa.selenium.remote.RemoteWebDriver.execute(RemoteWebDriver.java:518)
at org.openqa.selenium.remote.RemoteWebElement.execute(RemoteWebElement.java:223)
at org.openqa.selenium.remote.RemoteWebElement.click(RemoteWebElement.java:76)
at org.openqa.selenium.support.pagefactory.internal.LocatingElementHandler.invoke(LocatingElementHandler.java:51)
at jdk.proxy2/jdk.proxy2.$Proxy17.click(Unknown Source)
at com.ShoppersStack.GenericUtility.Base_test.afterMethod(Base_test.java:91)
at java.base/java.util.ArrayList.forEach(ArrayList.java:1511)
... Removed 45 stack frames]]>
    </failure>
  </testcase> <!-- @AfterMethod afterMethod -->
  <testcase classname="com.ShoppersStack.GenericUtility.Base_test" name="@AfterClass afterclass" time="0.0">
    <skipped/>
  </testcase> <!-- @AfterClass afterclass -->
  <testcase classname="com.ShoppersStack.testScripts.check_user_is__able_to_upadateAddress_Test" name="updateAddress" time="28.588"/>
  <testcase classname="com.ShoppersStack.testScripts.verify_user_is_able_delete_address_or_not_Test" name="deleteAddress" time="8.609"/>
  <testcase classname="com.ShoppersStack.testScripts.verify_user_is_able_to_add_address_or_not_Test" name="addAddress" time="32.047"/>
  <testcase classname="com.ShoppersStack.GenericUtility.Base_test" name="@AfterTest aftertest" time="0.0">
    <ignored/>
  </testcase> <!-- @AfterTest aftertest -->
  <testcase classname="com.ShoppersStack.GenericUtility.Base_test" name="@AfterSuite aftersuit" time="0.0">
    <ignored/>
  </testcase> <!-- @AfterSuite aftersuit -->
  <testcase classname="com.ShoppersStack.GenericUtility.Base_test" name="@BeforeSuite beforesuite" time="0.0">
    <ignored/>
  </testcase> <!-- @BeforeSuite beforesuite -->
  <testcase classname="com.ShoppersStack.GenericUtility.Base_test" name="@BeforeTest beforetest" time="0.0">
    <ignored/>
  </testcase> <!-- @BeforeTest beforetest -->
  <testcase classname="com.ShoppersStack.GenericUtility.Base_test" name="@BeforeTest beforetest" time="0.0">
    <ignored/>
  </testcase> <!-- @BeforeTest beforetest -->
  <testcase classname="com.ShoppersStack.GenericUtility.Base_test" name="@BeforeSuite beforesuite" time="0.0">
    <ignored/>
  </testcase> <!-- @BeforeSuite beforesuite -->
  <testcase classname="com.ShoppersStack.GenericUtility.Base_test" name="@AfterTest aftertest" time="0.0">
    <ignored/>
  </testcase> <!-- @AfterTest aftertest -->
  <testcase classname="com.ShoppersStack.GenericUtility.Base_test" name="@AfterSuite aftersuit" time="0.0">
    <ignored/>
  </testcase> <!-- @AfterSuite aftersuit -->
</testsuite> <!-- Surefire test -->
